<?xml version="1.0" encoding="UTF-8"?>
<testng-results ignored="0" total="4" passed="4" failed="0" skipped="0">
  <reporter-output>
  </reporter-output>
  <suite started-at="2021-01-07T01:44:18Z" name="Suite" finished-at="2021-01-07T01:46:55Z" duration-ms="157641">
    <groups>
      <group name="cucumber">
        <method signature="AbstractTestNGCucumberTests.runScenario(io.cucumber.testng.PickleWrapper, io.cucumber.testng.FeatureWrapper)[pri:0, instance:cucumber_options.TestRunner@700fb871]" name="runScenario" class="io.cucumber.testng.AbstractTestNGCucumberTests"/>
      </group> <!-- cucumber -->
    </groups>
    <test started-at="2021-01-07T01:44:18Z" name="Test" finished-at="2021-01-07T01:46:55Z" duration-ms="157641">
      <class name="cucumber_options.TestRunner">
        <test-method is-config="true" signature="setUpClass()[pri:0, instance:cucumber_options.TestRunner@700fb871]" started-at="2021-01-07T01:44:18Z" name="setUpClass" finished-at="2021-01-07T01:44:20Z" duration-ms="2386" status="PASS">
          <reporter-output>
          </reporter-output>
        </test-method> <!-- setUpClass -->
        <test-method signature="runScenario(io.cucumber.testng.PickleWrapper, io.cucumber.testng.FeatureWrapper)[pri:0, instance:cucumber_options.TestRunner@700fb871]" started-at="2021-01-07T01:44:20Z" name="runScenario" description="Runs Cucumber Scenarios" data-provider="scenarios" finished-at="2021-01-07T01:45:12Z" duration-ms="52050" status="PASS">
          <params>
            <param index="0">
              <value>
                <![CDATA["Navigate through application"]]>
              </value>
            </param>
            <param index="1">
              <value>
                <![CDATA["Optional[Application Navigation]"]]>
              </value>
            </param>
          </params>
          <reporter-output>
          </reporter-output>
        </test-method> <!-- runScenario -->
        <test-method signature="runScenario(io.cucumber.testng.PickleWrapper, io.cucumber.testng.FeatureWrapper)[pri:0, instance:cucumber_options.TestRunner@700fb871]" started-at="2021-01-07T01:45:12Z" name="runScenario" description="Runs Cucumber Scenarios" data-provider="scenarios" finished-at="2021-01-07T01:45:56Z" duration-ms="43903" status="PASS">
          <params>
            <param index="0">
              <value>
                <![CDATA["Navigate through application"]]>
              </value>
            </param>
            <param index="1">
              <value>
                <![CDATA["Optional[Application Navigation]"]]>
              </value>
            </param>
          </params>
          <reporter-output>
          </reporter-output>
        </test-method> <!-- runScenario -->
        <test-method signature="runScenario(io.cucumber.testng.PickleWrapper, io.cucumber.testng.FeatureWrapper)[pri:0, instance:cucumber_options.TestRunner@700fb871]" started-at="2021-01-07T01:45:56Z" name="runScenario" description="Runs Cucumber Scenarios" data-provider="scenarios" finished-at="2021-01-07T01:46:18Z" duration-ms="21998" status="PASS">
          <params>
            <param index="0">
              <value>
                <![CDATA["Validate landing page"]]>
              </value>
            </param>
            <param index="1">
              <value>
                <![CDATA["Optional[Application Validation]"]]>
              </value>
            </param>
          </params>
          <reporter-output>
          </reporter-output>
        </test-method> <!-- runScenario -->
        <test-method signature="runScenario(io.cucumber.testng.PickleWrapper, io.cucumber.testng.FeatureWrapper)[pri:0, instance:cucumber_options.TestRunner@700fb871]" started-at="2021-01-07T01:46:18Z" name="runScenario" description="Runs Cucumber Scenarios" data-provider="scenarios" finished-at="2021-01-07T01:46:55Z" duration-ms="37024" status="PASS">
          <params>
            <param index="0">
              <value>
                <![CDATA["Validate login page"]]>
              </value>
            </param>
            <param index="1">
              <value>
                <![CDATA["Optional[Application Validation]"]]>
              </value>
            </param>
          </params>
          <reporter-output>
          </reporter-output>
        </test-method> <!-- runScenario -->
        <test-method is-config="true" signature="tearDownClass()[pri:0, instance:cucumber_options.TestRunner@700fb871]" started-at="2021-01-07T01:46:55Z" name="tearDownClass" finished-at="2021-01-07T01:46:55Z" duration-ms="54" status="PASS">
          <reporter-output>
          </reporter-output>
        </test-method> <!-- tearDownClass -->
      </class> <!-- cucumber_options.TestRunner -->
    </test> <!-- Test -->
  </suite> <!-- Suite -->
</testng-results>
