<?xml version="1.0" encoding="UTF-8"?>
<testng-results ignored="0" total="4" passed="4" failed="0" skipped="0">
  <reporter-output>
  </reporter-output>
  <suite started-at="2021-01-07T01:28:38Z" name="Suite" finished-at="2021-01-07T01:31:27Z" duration-ms="168167">
    <groups>
      <group name="cucumber">
        <method signature="AbstractTestNGCucumberTests.runScenario(io.cucumber.testng.PickleWrapper, io.cucumber.testng.FeatureWrapper)[pri:0, instance:cucumber_options.TestRunner@22f59fa]" name="runScenario" class="io.cucumber.testng.AbstractTestNGCucumberTests"/>
      </group> <!-- cucumber -->
    </groups>
    <test started-at="2021-01-07T01:28:38Z" name="Test" finished-at="2021-01-07T01:31:27Z" duration-ms="168167">
      <class name="cucumber_options.TestRunner">
        <test-method is-config="true" signature="setUpClass()[pri:0, instance:cucumber_options.TestRunner@22f59fa]" started-at="2021-01-07T01:28:39Z" name="setUpClass" finished-at="2021-01-07T01:28:41Z" duration-ms="2947" status="PASS">
          <reporter-output>
          </reporter-output>
        </test-method> <!-- setUpClass -->
        <test-method signature="runScenario(io.cucumber.testng.PickleWrapper, io.cucumber.testng.FeatureWrapper)[pri:0, instance:cucumber_options.TestRunner@22f59fa]" started-at="2021-01-07T01:28:42Z" name="runScenario" description="Runs Cucumber Scenarios" data-provider="scenarios" finished-at="2021-01-07T01:29:44Z" duration-ms="62265" status="PASS">
          <params>
            <param index="0">
              <value>
                <![CDATA["Navigate through application"]]>
              </value>
            </param>
            <param index="1">
              <value>
                <![CDATA["Optional[Application Navigation]"]]>
              </value>
            </param>
          </params>
          <reporter-output>
          </reporter-output>
        </test-method> <!-- runScenario -->
        <test-method signature="runScenario(io.cucumber.testng.PickleWrapper, io.cucumber.testng.FeatureWrapper)[pri:0, instance:cucumber_options.TestRunner@22f59fa]" started-at="2021-01-07T01:29:44Z" name="runScenario" description="Runs Cucumber Scenarios" data-provider="scenarios" finished-at="2021-01-07T01:30:26Z" duration-ms="41876" status="PASS">
          <params>
            <param index="0">
              <value>
                <![CDATA["Navigate through application"]]>
              </value>
            </param>
            <param index="1">
              <value>
                <![CDATA["Optional[Application Navigation]"]]>
              </value>
            </param>
          </params>
          <reporter-output>
          </reporter-output>
        </test-method> <!-- runScenario -->
        <test-method signature="runScenario(io.cucumber.testng.PickleWrapper, io.cucumber.testng.FeatureWrapper)[pri:0, instance:cucumber_options.TestRunner@22f59fa]" started-at="2021-01-07T01:30:26Z" name="runScenario" description="Runs Cucumber Scenarios" data-provider="scenarios" finished-at="2021-01-07T01:30:48Z" duration-ms="21960" status="PASS">
          <params>
            <param index="0">
              <value>
                <![CDATA["Validate landing page"]]>
              </value>
            </param>
            <param index="1">
              <value>
                <![CDATA["Optional[Application Validation]"]]>
              </value>
            </param>
          </params>
          <reporter-output>
          </reporter-output>
        </test-method> <!-- runScenario -->
        <test-method signature="runScenario(io.cucumber.testng.PickleWrapper, io.cucumber.testng.FeatureWrapper)[pri:0, instance:cucumber_options.TestRunner@22f59fa]" started-at="2021-01-07T01:30:48Z" name="runScenario" description="Runs Cucumber Scenarios" data-provider="scenarios" finished-at="2021-01-07T01:31:26Z" duration-ms="38677" status="PASS">
          <params>
            <param index="0">
              <value>
                <![CDATA["Validate login page"]]>
              </value>
            </param>
            <param index="1">
              <value>
                <![CDATA["Optional[Application Validation]"]]>
              </value>
            </param>
          </params>
          <reporter-output>
          </reporter-output>
        </test-method> <!-- runScenario -->
        <test-method is-config="true" signature="tearDownClass()[pri:0, instance:cucumber_options.TestRunner@22f59fa]" started-at="2021-01-07T01:31:26Z" name="tearDownClass" finished-at="2021-01-07T01:31:27Z" duration-ms="85" status="PASS">
          <reporter-output>
          </reporter-output>
        </test-method> <!-- tearDownClass -->
      </class> <!-- cucumber_options.TestRunner -->
    </test> <!-- Test -->
  </suite> <!-- Suite -->
</testng-results>
